25-02-28.23:27:57.811 [main            ] INFO  GroupBuyActivityTest   - Starting GroupBuyActivityTest using Java 1.8.0_411 on LAPTOP-T2LJDCAR with PID 3268 (started by zwx in C:\Users\zwx\Desktop\KnowledgePlanet\group-buy\group-buy-app)
25-02-28.23:27:57.812 [main            ] INFO  GroupBuyActivityTest   - The following 1 profile is active: "dev"
25-02-28.23:28:00.969 [main            ] INFO  GroupBuyActivityTest   - Started GroupBuyActivityTest in 3.687 seconds (JVM running for 4.975)
25-02-28.23:28:01.279 [main            ] INFO  HikariDataSource       - HikariPool-1 - Starting...
25-02-28.23:28:03.298 [main            ] INFO  HikariDataSource       - HikariPool-1 - Start completed.
25-02-28.23:28:03.633 [main            ] INFO  GroupBuyActivityTest   - 测试结果:[{"activityId":100123,"activityName":"测试活动","channel":"c01","createTime":1733537980000,"discountId":"25120207","endTime":1733537980000,"goodsId":"9890001","groupType":0,"id":1,"source":"s01","startTime":1733537980000,"status":0,"tagId":"1","tagScope":"1","takeLimitCount":1,"target":1,"updateTime":1733543247000,"validTime":15}]
25-02-28.23:28:03.647 [SpringApplicationShutdownHook] INFO  HikariDataSource       - HikariPool-1 - Shutdown initiated...
25-02-28.23:28:03.849 [SpringApplicationShutdownHook] INFO  HikariDataSource       - HikariPool-1 - Shutdown completed.
25-02-28.23:28:16.337 [main            ] INFO  GroupBuyDiscountDaoTest - Starting GroupBuyDiscountDaoTest using Java 1.8.0_411 on LAPTOP-T2LJDCAR with PID 9576 (started by zwx in C:\Users\zwx\Desktop\KnowledgePlanet\group-buy\group-buy-app)
25-02-28.23:28:16.339 [main            ] INFO  GroupBuyDiscountDaoTest - The following 1 profile is active: "dev"
25-02-28.23:28:19.523 [main            ] INFO  GroupBuyDiscountDaoTest - Started GroupBuyDiscountDaoTest in 3.727 seconds (JVM running for 4.946)
25-02-28.23:28:19.778 [main            ] INFO  HikariDataSource       - HikariPool-1 - Starting...
25-02-28.23:28:21.732 [main            ] INFO  HikariDataSource       - HikariPool-1 - Start completed.
25-02-28.23:28:22.037 [main            ] INFO  GroupBuyDiscountDaoTest - 测试结果:[{"createTime":1733538015000,"discountDesc":"测试优惠","discountId":25120207,"discountName":"测试优惠","discountType":0,"id":1,"marketExpr":"20","marketPlan":"ZJ","updateTime":1734750812000}]
25-02-28.23:28:22.042 [SpringApplicationShutdownHook] INFO  HikariDataSource       - HikariPool-1 - Shutdown initiated...
25-02-28.23:28:22.272 [SpringApplicationShutdownHook] INFO  HikariDataSource       - HikariPool-1 - Shutdown completed.
25-02-28.23:28:59.109 [main            ] INFO  IIndexGroupBuyMarketServiceTest - Starting IIndexGroupBuyMarketServiceTest using Java 1.8.0_411 on LAPTOP-T2LJDCAR with PID 10816 (started by zwx in C:\Users\zwx\Desktop\KnowledgePlanet\group-buy\group-buy-app)
25-02-28.23:28:59.110 [main            ] INFO  IIndexGroupBuyMarketServiceTest - The following 1 profile is active: "dev"
25-02-28.23:29:02.115 [main            ] INFO  IIndexGroupBuyMarketServiceTest - Started IIndexGroupBuyMarketServiceTest in 3.535 seconds (JVM running for 4.717)
25-02-28.23:29:02.556 [main            ] INFO  RootNode               - 拼团商品查询试算服务-RootNode userId:xiaofuge requestParameter:{"channel":"c01","goodsId":"9890001","source":"s01","userId":"xiaofuge"}
25-02-28.23:29:02.602 [pool-2-thread-2 ] INFO  HikariDataSource       - HikariPool-1 - Starting...
25-02-28.23:29:04.450 [pool-2-thread-2 ] INFO  HikariDataSource       - HikariPool-1 - Start completed.
25-02-28.23:29:04.626 [main            ] INFO  MarketNode             - 拼团商品查询试算服务-MarketNode userId:xiaofuge 异步线程加载数据「GroupBuyActivityDiscountVO、SkuVO」完成
25-02-28.23:29:04.626 [main            ] INFO  MarketNode             - 拼团商品查询试算服务-MarketNode userId:xiaofuge requestParameter:{"channel":"c01","goodsId":"9890001","source":"s01","userId":"xiaofuge"}
25-02-28.23:29:04.626 [main            ] INFO  EndNode                - 拼团商品查询试算服务-EndNode userId:xiaofuge requestParameter:{"channel":"c01","goodsId":"9890001","source":"s01","userId":"xiaofuge"}
25-02-28.23:29:04.628 [main            ] INFO  IIndexGroupBuyMarketServiceTest - 请求参数:{"channel":"c01","goodsId":"9890001","source":"s01","userId":"xiaofuge"}
25-02-28.23:29:04.636 [main            ] INFO  IIndexGroupBuyMarketServiceTest - 返回结果:{"deductionPrice":0.00,"endTime":1733537980000,"goodsId":"9890001","goodsName":"《手写MyBatis：渐进式源码实践》","isEnable":false,"isVisible":false,"originalPrice":100.00,"startTime":1733537980000,"targetCount":1}
25-02-28.23:29:04.647 [SpringApplicationShutdownHook] INFO  HikariDataSource       - HikariPool-1 - Shutdown initiated...
25-02-28.23:29:04.895 [SpringApplicationShutdownHook] INFO  HikariDataSource       - HikariPool-1 - Shutdown completed.
25-02-28.23:29:29.652 [main            ] INFO  IIndexGroupBuyMarketServiceTest - Starting IIndexGroupBuyMarketServiceTest using Java 1.8.0_411 on LAPTOP-T2LJDCAR with PID 19348 (started by zwx in C:\Users\zwx\Desktop\KnowledgePlanet\group-buy\group-buy-app)
25-02-28.23:29:29.653 [main            ] INFO  IIndexGroupBuyMarketServiceTest - The following 1 profile is active: "dev"
25-02-28.23:29:33.050 [main            ] INFO  IIndexGroupBuyMarketServiceTest - Started IIndexGroupBuyMarketServiceTest in 3.966 seconds (JVM running for 5.653)
25-02-28.23:34:32.717 [main            ] INFO  RootNode               - 拼团商品查询试算服务-RootNode userId:xiaofuge requestParameter:{"channel":"c01","goodsId":"9890001","source":"s01","userId":"xiaofuge"}
25-02-28.23:34:59.171 [pool-2-thread-2 ] INFO  HikariDataSource       - HikariPool-1 - Starting...
25-02-28.23:35:00.932 [pool-2-thread-2 ] INFO  HikariDataSource       - HikariPool-1 - Start completed.
25-02-28.23:35:01.127 [main            ] INFO  MarketNode             - 拼团商品查询试算服务-MarketNode userId:xiaofuge 异步线程加载数据「GroupBuyActivityDiscountVO、SkuVO」完成
25-02-28.23:35:01.128 [main            ] INFO  MarketNode             - 拼团商品查询试算服务-MarketNode userId:xiaofuge requestParameter:{"channel":"c01","goodsId":"9890001","source":"s01","userId":"xiaofuge"}
25-02-28.23:35:01.128 [main            ] INFO  EndNode                - 拼团商品查询试算服务-EndNode userId:xiaofuge requestParameter:{"channel":"c01","goodsId":"9890001","source":"s01","userId":"xiaofuge"}
25-02-28.23:35:30.156 [main            ] INFO  IIndexGroupBuyMarketServiceTest - 请求参数:{"channel":"c01","goodsId":"9890001","source":"s01","userId":"xiaofuge"}
25-02-28.23:35:30.512 [main            ] INFO  IIndexGroupBuyMarketServiceTest - 返回结果:{"deductionPrice":0.00,"endTime":1733537980000,"goodsId":"9890001","goodsName":"《手写MyBatis：渐进式源码实践》","isEnable":false,"isVisible":false,"originalPrice":100.00,"startTime":1733537980000,"targetCount":1}
25-02-28.23:35:33.112 [SpringApplicationShutdownHook] INFO  HikariDataSource       - HikariPool-1 - Shutdown initiated...
25-02-28.23:35:33.259 [SpringApplicationShutdownHook] INFO  HikariDataSource       - HikariPool-1 - Shutdown completed.
25-02-28.23:37:31.925 [main            ] INFO  IIndexGroupBuyMarketServiceTest - Starting IIndexGroupBuyMarketServiceTest using Java 1.8.0_411 on LAPTOP-T2LJDCAR with PID 4564 (started by zwx in C:\Users\zwx\Desktop\KnowledgePlanet\group-buy\group-buy-app)
25-02-28.23:37:31.926 [main            ] INFO  IIndexGroupBuyMarketServiceTest - The following 1 profile is active: "dev"
25-02-28.23:37:35.398 [main            ] INFO  IIndexGroupBuyMarketServiceTest - Started IIndexGroupBuyMarketServiceTest in 4.064 seconds (JVM running for 5.489)
25-02-28.23:38:33.087 [main            ] INFO  RootNode               - 拼团商品查询试算服务-RootNode userId:xiaofuge requestParameter:{"channel":"c01","goodsId":"9890001","source":"s01","userId":"xiaofuge"}
25-02-28.23:42:35.937 [pool-2-thread-2 ] INFO  HikariDataSource       - HikariPool-1 - Starting...
25-02-28.23:42:37.768 [pool-2-thread-2 ] INFO  HikariDataSource       - HikariPool-1 - Start completed.
25-02-28.23:42:44.333 [main            ] INFO  MarketNode             - 拼团商品查询试算服务-MarketNode userId:xiaofuge 异步线程加载数据「GroupBuyActivityDiscountVO、SkuVO」完成
25-02-28.23:42:54.132 [main            ] INFO  MarketNode             - 拼团商品查询试算服务-MarketNode userId:xiaofuge requestParameter:{"channel":"c01","goodsId":"9890001","source":"s01","userId":"xiaofuge"}
25-02-28.23:43:10.362 [main            ] INFO  EndNode                - 拼团商品查询试算服务-EndNode userId:xiaofuge requestParameter:{"channel":"c01","goodsId":"9890001","source":"s01","userId":"xiaofuge"}
25-02-28.23:45:32.819 [main            ] INFO  IIndexGroupBuyMarketServiceTest - 请求参数:{"channel":"c01","goodsId":"9890001","source":"s01","userId":"xiaofuge"}
25-02-28.23:45:33.030 [main            ] INFO  IIndexGroupBuyMarketServiceTest - 返回结果:{"deductionPrice":0.00,"endTime":1733537980000,"goodsId":"9890001","goodsName":"《手写MyBatis：渐进式源码实践》","isEnable":false,"isVisible":false,"originalPrice":100.00,"startTime":1733537980000,"targetCount":1}
25-02-28.23:45:37.485 [SpringApplicationShutdownHook] INFO  HikariDataSource       - HikariPool-1 - Shutdown initiated...
25-02-28.23:45:37.936 [SpringApplicationShutdownHook] INFO  HikariDataSource       - HikariPool-1 - Shutdown completed.
25-02-28.23:45:59.870 [main            ] INFO  IIndexGroupBuyMarketServiceTest - Starting IIndexGroupBuyMarketServiceTest using Java 1.8.0_411 on LAPTOP-T2LJDCAR with PID 18600 (started by zwx in C:\Users\zwx\Desktop\KnowledgePlanet\group-buy\group-buy-app)
25-02-28.23:45:59.872 [main            ] INFO  IIndexGroupBuyMarketServiceTest - The following 1 profile is active: "dev"
25-02-28.23:46:03.098 [main            ] INFO  IIndexGroupBuyMarketServiceTest - Started IIndexGroupBuyMarketServiceTest in 3.762 seconds (JVM running for 4.954)
25-02-28.23:46:03.778 [main            ] INFO  RootNode               - 拼团商品查询试算服务-RootNode userId:xiaofuge requestParameter:{"channel":"c01","goodsId":"9890001","source":"s01","userId":"xiaofuge"}
25-02-28.23:46:03.833 [pool-2-thread-2 ] INFO  HikariDataSource       - HikariPool-1 - Starting...
25-02-28.23:46:05.677 [pool-2-thread-2 ] INFO  HikariDataSource       - HikariPool-1 - Start completed.
25-02-28.23:46:05.846 [main            ] INFO  MarketNode             - 拼团商品查询试算服务-MarketNode userId:xiaofuge 异步线程加载数据「GroupBuyActivityDiscountVO、SkuVO」完成
25-02-28.23:46:05.846 [main            ] INFO  MarketNode             - 拼团商品查询试算服务-MarketNode userId:xiaofuge requestParameter:{"channel":"c01","goodsId":"9890001","source":"s01","userId":"xiaofuge"}
25-02-28.23:46:05.846 [main            ] INFO  EndNode                - 拼团商品查询试算服务-EndNode userId:xiaofuge requestParameter:{"channel":"c01","goodsId":"9890001","source":"s01","userId":"xiaofuge"}
25-02-28.23:46:05.848 [main            ] INFO  IIndexGroupBuyMarketServiceTest - 请求参数:{"channel":"c01","goodsId":"9890001","source":"s01","userId":"xiaofuge"}
25-02-28.23:46:05.857 [main            ] INFO  IIndexGroupBuyMarketServiceTest - 返回结果:{"deductionPrice":0.00,"endTime":1733537980000,"goodsId":"9890001","goodsName":"《手写MyBatis：渐进式源码实践》","isEnable":false,"isVisible":false,"originalPrice":100.00,"startTime":1733537980000,"targetCount":1}
25-02-28.23:46:05.873 [SpringApplicationShutdownHook] INFO  HikariDataSource       - HikariPool-1 - Shutdown initiated...
25-02-28.23:46:06.138 [SpringApplicationShutdownHook] INFO  HikariDataSource       - HikariPool-1 - Shutdown completed.
25-02-28.23:46:11.360 [main            ] INFO  IIndexGroupBuyMarketServiceTest - Starting IIndexGroupBuyMarketServiceTest using Java 1.8.0_411 on LAPTOP-T2LJDCAR with PID 18816 (started by zwx in C:\Users\zwx\Desktop\KnowledgePlanet\group-buy\group-buy-app)
25-02-28.23:46:11.361 [main            ] INFO  IIndexGroupBuyMarketServiceTest - The following 1 profile is active: "dev"
25-02-28.23:46:14.813 [main            ] INFO  IIndexGroupBuyMarketServiceTest - Started IIndexGroupBuyMarketServiceTest in 4.037 seconds (JVM running for 5.376)
25-02-28.23:46:22.565 [main            ] INFO  RootNode               - 拼团商品查询试算服务-RootNode userId:xiaofuge requestParameter:{"channel":"c01","goodsId":"9890001","source":"s01","userId":"xiaofuge"}
25-02-28.23:46:37.628 [pool-2-thread-2 ] INFO  HikariDataSource       - HikariPool-1 - Starting...
25-02-28.23:46:39.587 [pool-2-thread-2 ] INFO  HikariDataSource       - HikariPool-1 - Start completed.
25-02-28.23:46:39.762 [main            ] INFO  MarketNode             - 拼团商品查询试算服务-MarketNode userId:xiaofuge 异步线程加载数据「GroupBuyActivityDiscountVO、SkuVO」完成
25-02-28.23:46:45.367 [main            ] INFO  MarketNode             - 拼团商品查询试算服务-MarketNode userId:xiaofuge requestParameter:{"channel":"c01","goodsId":"9890001","source":"s01","userId":"xiaofuge"}
25-02-28.23:46:45.367 [main            ] INFO  EndNode                - 拼团商品查询试算服务-EndNode userId:xiaofuge requestParameter:{"channel":"c01","goodsId":"9890001","source":"s01","userId":"xiaofuge"}
25-02-28.23:46:45.369 [main            ] INFO  IIndexGroupBuyMarketServiceTest - 请求参数:{"channel":"c01","goodsId":"9890001","source":"s01","userId":"xiaofuge"}
25-02-28.23:46:45.378 [main            ] INFO  IIndexGroupBuyMarketServiceTest - 返回结果:{"deductionPrice":0.00,"endTime":1733537980000,"goodsId":"9890001","goodsName":"《手写MyBatis：渐进式源码实践》","isEnable":false,"isVisible":false,"originalPrice":100.00,"startTime":1733537980000,"targetCount":1}
25-02-28.23:46:45.390 [SpringApplicationShutdownHook] INFO  HikariDataSource       - HikariPool-1 - Shutdown initiated...
25-02-28.23:46:45.604 [SpringApplicationShutdownHook] INFO  HikariDataSource       - HikariPool-1 - Shutdown completed.
25-02-28.23:47:03.018 [main            ] INFO  IIndexGroupBuyMarketServiceTest - Starting IIndexGroupBuyMarketServiceTest using Java 1.8.0_411 on LAPTOP-T2LJDCAR with PID 14960 (started by zwx in C:\Users\zwx\Desktop\KnowledgePlanet\group-buy\group-buy-app)
25-02-28.23:47:03.020 [main            ] INFO  IIndexGroupBuyMarketServiceTest - The following 1 profile is active: "dev"
25-02-28.23:47:06.545 [main            ] INFO  IIndexGroupBuyMarketServiceTest - Started IIndexGroupBuyMarketServiceTest in 4.149 seconds (JVM running for 5.561)
25-02-28.23:47:07.024 [main            ] INFO  RootNode               - 拼团商品查询试算服务-RootNode userId:xiaofuge requestParameter:{"channel":"c01","goodsId":"9890001","source":"s01","userId":"xiaofuge"}
25-02-28.23:48:11.891 [pool-2-thread-2 ] INFO  HikariDataSource       - HikariPool-1 - Starting...
25-02-28.23:48:13.720 [pool-2-thread-2 ] INFO  HikariDataSource       - HikariPool-1 - Start completed.
25-02-28.23:48:13.934 [main            ] INFO  MarketNode             - 拼团商品查询试算服务-MarketNode userId:xiaofuge 异步线程加载数据「GroupBuyActivityDiscountVO、SkuVO」完成
25-02-28.23:48:13.935 [main            ] INFO  MarketNode             - 拼团商品查询试算服务-MarketNode userId:xiaofuge requestParameter:{"channel":"c01","goodsId":"9890001","source":"s01","userId":"xiaofuge"}
25-02-28.23:48:13.935 [main            ] INFO  EndNode                - 拼团商品查询试算服务-EndNode userId:xiaofuge requestParameter:{"channel":"c01","goodsId":"9890001","source":"s01","userId":"xiaofuge"}
25-02-28.23:48:13.937 [main            ] INFO  IIndexGroupBuyMarketServiceTest - 请求参数:{"channel":"c01","goodsId":"9890001","source":"s01","userId":"xiaofuge"}
25-02-28.23:48:13.945 [main            ] INFO  IIndexGroupBuyMarketServiceTest - 返回结果:{"deductionPrice":0.00,"endTime":1733537980000,"goodsId":"9890001","goodsName":"《手写MyBatis：渐进式源码实践》","isEnable":false,"isVisible":false,"originalPrice":100.00,"startTime":1733537980000,"targetCount":1}
25-02-28.23:48:13.966 [SpringApplicationShutdownHook] INFO  HikariDataSource       - HikariPool-1 - Shutdown initiated...
25-02-28.23:48:14.201 [SpringApplicationShutdownHook] INFO  HikariDataSource       - HikariPool-1 - Shutdown completed.
25-02-28.23:48:19.207 [main            ] INFO  IIndexGroupBuyMarketServiceTest - Starting IIndexGroupBuyMarketServiceTest using Java 1.8.0_411 on LAPTOP-T2LJDCAR with PID 14120 (started by zwx in C:\Users\zwx\Desktop\KnowledgePlanet\group-buy\group-buy-app)
25-02-28.23:48:19.208 [main            ] INFO  IIndexGroupBuyMarketServiceTest - The following 1 profile is active: "dev"
25-02-28.23:48:22.648 [main            ] INFO  IIndexGroupBuyMarketServiceTest - Started IIndexGroupBuyMarketServiceTest in 4.025 seconds (JVM running for 5.345)
25-02-28.23:48:23.213 [main            ] INFO  RootNode               - 拼团商品查询试算服务-RootNode userId:xiaofuge requestParameter:{"channel":"c01","goodsId":"9890001","source":"s01","userId":"xiaofuge"}
25-02-28.23:48:36.067 [pool-2-thread-1 ] INFO  HikariDataSource       - HikariPool-1 - Starting...
25-02-28.23:48:37.994 [pool-2-thread-1 ] INFO  HikariDataSource       - HikariPool-1 - Start completed.
25-02-28.23:48:38.182 [main            ] INFO  MarketNode             - 拼团商品查询试算服务-MarketNode userId:xiaofuge 异步线程加载数据「GroupBuyActivityDiscountVO、SkuVO」完成
25-02-28.23:48:38.183 [main            ] INFO  MarketNode             - 拼团商品查询试算服务-MarketNode userId:xiaofuge requestParameter:{"channel":"c01","goodsId":"9890001","source":"s01","userId":"xiaofuge"}
25-02-28.23:48:38.183 [main            ] INFO  EndNode                - 拼团商品查询试算服务-EndNode userId:xiaofuge requestParameter:{"channel":"c01","goodsId":"9890001","source":"s01","userId":"xiaofuge"}
25-02-28.23:48:38.184 [main            ] INFO  IIndexGroupBuyMarketServiceTest - 请求参数:{"channel":"c01","goodsId":"9890001","source":"s01","userId":"xiaofuge"}
25-02-28.23:48:38.192 [main            ] INFO  IIndexGroupBuyMarketServiceTest - 返回结果:{"deductionPrice":0.00,"endTime":1733537980000,"goodsId":"9890001","goodsName":"《手写MyBatis：渐进式源码实践》","isEnable":false,"isVisible":false,"originalPrice":100.00,"startTime":1733537980000,"targetCount":1}
25-02-28.23:48:38.207 [SpringApplicationShutdownHook] INFO  HikariDataSource       - HikariPool-1 - Shutdown initiated...
25-02-28.23:48:38.396 [SpringApplicationShutdownHook] INFO  HikariDataSource       - HikariPool-1 - Shutdown completed.
25-02-28.23:48:53.008 [main            ] INFO  IIndexGroupBuyMarketServiceTest - Starting IIndexGroupBuyMarketServiceTest using Java 1.8.0_411 on LAPTOP-T2LJDCAR with PID 18468 (started by zwx in C:\Users\zwx\Desktop\KnowledgePlanet\group-buy\group-buy-app)
25-02-28.23:48:53.009 [main            ] INFO  IIndexGroupBuyMarketServiceTest - The following 1 profile is active: "dev"
25-02-28.23:48:56.502 [main            ] INFO  IIndexGroupBuyMarketServiceTest - Started IIndexGroupBuyMarketServiceTest in 4.074 seconds (JVM running for 5.382)
25-02-28.23:48:56.994 [main            ] INFO  RootNode               - 拼团商品查询试算服务-RootNode userId:xiaofuge requestParameter:{"channel":"c01","goodsId":"9890001","source":"s01","userId":"xiaofuge"}
25-02-28.23:49:02.517 [pool-2-thread-2 ] INFO  HikariDataSource       - HikariPool-1 - Starting...
25-02-28.23:49:04.490 [pool-2-thread-2 ] INFO  HikariDataSource       - HikariPool-1 - Start completed.
25-02-28.23:49:04.705 [main            ] INFO  MarketNode             - 拼团商品查询试算服务-MarketNode userId:xiaofuge 异步线程加载数据「GroupBuyActivityDiscountVO、SkuVO」完成
25-02-28.23:49:04.705 [main            ] INFO  MarketNode             - 拼团商品查询试算服务-MarketNode userId:xiaofuge requestParameter:{"channel":"c01","goodsId":"9890001","source":"s01","userId":"xiaofuge"}
25-02-28.23:49:04.705 [main            ] INFO  EndNode                - 拼团商品查询试算服务-EndNode userId:xiaofuge requestParameter:{"channel":"c01","goodsId":"9890001","source":"s01","userId":"xiaofuge"}
25-02-28.23:49:04.707 [main            ] INFO  IIndexGroupBuyMarketServiceTest - 请求参数:{"channel":"c01","goodsId":"9890001","source":"s01","userId":"xiaofuge"}
25-02-28.23:49:04.715 [main            ] INFO  IIndexGroupBuyMarketServiceTest - 返回结果:{"deductionPrice":0.00,"endTime":1733537980000,"goodsId":"9890001","goodsName":"《手写MyBatis：渐进式源码实践》","isEnable":false,"isVisible":false,"originalPrice":100.00,"startTime":1733537980000,"targetCount":1}
25-02-28.23:49:04.728 [SpringApplicationShutdownHook] INFO  HikariDataSource       - HikariPool-1 - Shutdown initiated...
25-02-28.23:49:04.941 [SpringApplicationShutdownHook] INFO  HikariDataSource       - HikariPool-1 - Shutdown completed.
25-02-28.23:49:12.030 [main            ] INFO  IIndexGroupBuyMarketServiceTest - Starting IIndexGroupBuyMarketServiceTest using Java 1.8.0_411 on LAPTOP-T2LJDCAR with PID 18160 (started by zwx in C:\Users\zwx\Desktop\KnowledgePlanet\group-buy\group-buy-app)
25-02-28.23:49:12.031 [main            ] INFO  IIndexGroupBuyMarketServiceTest - The following 1 profile is active: "dev"
25-02-28.23:49:15.526 [main            ] INFO  IIndexGroupBuyMarketServiceTest - Started IIndexGroupBuyMarketServiceTest in 4.165 seconds (JVM running for 5.62)
25-02-28.23:49:16.029 [main            ] INFO  RootNode               - 拼团商品查询试算服务-RootNode userId:xiaofuge requestParameter:{"channel":"c01","goodsId":"9890001","source":"s01","userId":"xiaofuge"}
25-02-28.23:49:16.078 [pool-2-thread-2 ] INFO  HikariDataSource       - HikariPool-1 - Starting...
25-02-28.23:49:18.004 [pool-2-thread-2 ] INFO  HikariDataSource       - HikariPool-1 - Start completed.
25-02-28.23:49:18.196 [main            ] INFO  MarketNode             - 拼团商品查询试算服务-MarketNode userId:xiaofuge 异步线程加载数据「GroupBuyActivityDiscountVO、SkuVO」完成
25-02-28.23:49:28.787 [main            ] INFO  MarketNode             - 拼团商品查询试算服务-MarketNode userId:xiaofuge requestParameter:{"channel":"c01","goodsId":"9890001","source":"s01","userId":"xiaofuge"}
25-02-28.23:49:28.787 [main            ] INFO  EndNode                - 拼团商品查询试算服务-EndNode userId:xiaofuge requestParameter:{"channel":"c01","goodsId":"9890001","source":"s01","userId":"xiaofuge"}
25-02-28.23:50:29.059 [main            ] INFO  IIndexGroupBuyMarketServiceTest - 请求参数:{"channel":"c01","goodsId":"9890001","source":"s01","userId":"xiaofuge"}
25-02-28.23:50:29.068 [main            ] INFO  IIndexGroupBuyMarketServiceTest - 返回结果:{"deductionPrice":0.00,"endTime":1733537980000,"goodsId":"9890001","goodsName":"《手写MyBatis：渐进式源码实践》","isEnable":false,"isVisible":false,"originalPrice":100.00,"startTime":1733537980000,"targetCount":1}
25-02-28.23:50:29.081 [SpringApplicationShutdownHook] INFO  HikariDataSource       - HikariPool-1 - Shutdown initiated...
25-02-28.23:50:29.436 [SpringApplicationShutdownHook] INFO  HikariDataSource       - HikariPool-1 - Shutdown completed.
25-02-28.23:50:32.905 [main            ] INFO  IIndexGroupBuyMarketServiceTest - Starting IIndexGroupBuyMarketServiceTest using Java 1.8.0_411 on LAPTOP-T2LJDCAR with PID 19172 (started by zwx in C:\Users\zwx\Desktop\KnowledgePlanet\group-buy\group-buy-app)
25-02-28.23:50:32.906 [main            ] INFO  IIndexGroupBuyMarketServiceTest - The following 1 profile is active: "dev"
25-02-28.23:50:36.194 [main            ] INFO  IIndexGroupBuyMarketServiceTest - Started IIndexGroupBuyMarketServiceTest in 3.874 seconds (JVM running for 5.14)
25-02-28.23:50:36.700 [main            ] INFO  RootNode               - 拼团商品查询试算服务-RootNode userId:xiaofuge requestParameter:{"channel":"c01","goodsId":"9890001","source":"s01","userId":"xiaofuge"}
25-02-28.23:50:36.748 [pool-2-thread-1 ] INFO  HikariDataSource       - HikariPool-1 - Starting...
25-02-28.23:50:38.592 [pool-2-thread-1 ] INFO  HikariDataSource       - HikariPool-1 - Start completed.
25-02-28.23:50:38.769 [main            ] INFO  MarketNode             - 拼团商品查询试算服务-MarketNode userId:xiaofuge 异步线程加载数据「GroupBuyActivityDiscountVO、SkuVO」完成
25-02-28.23:51:07.793 [main            ] INFO  MarketNode             - 拼团商品查询试算服务-MarketNode userId:xiaofuge requestParameter:{"channel":"c01","goodsId":"9890001","source":"s01","userId":"xiaofuge"}
25-02-28.23:51:07.795 [main            ] INFO  EndNode                - 拼团商品查询试算服务-EndNode userId:xiaofuge requestParameter:{"channel":"c01","goodsId":"9890001","source":"s01","userId":"xiaofuge"}
25-02-28.23:51:07.797 [main            ] INFO  IIndexGroupBuyMarketServiceTest - 请求参数:{"channel":"c01","goodsId":"9890001","source":"s01","userId":"xiaofuge"}
25-02-28.23:51:07.803 [main            ] INFO  IIndexGroupBuyMarketServiceTest - 返回结果:{"deductionPrice":0.00,"endTime":1733537980000,"goodsId":"9890001","goodsName":"《手写MyBatis：渐进式源码实践》","isEnable":false,"isVisible":false,"originalPrice":100.00,"startTime":1733537980000,"targetCount":1}
25-02-28.23:51:07.817 [SpringApplicationShutdownHook] INFO  HikariDataSource       - HikariPool-1 - Shutdown initiated...
25-02-28.23:51:08.034 [SpringApplicationShutdownHook] INFO  HikariDataSource       - HikariPool-1 - Shutdown completed.
